<?xml version="1.0" encoding="UTF-8"?>
<testsuite xmlns:xsi="http://www.w3.org/2001/XMLSchema-instance" xsi:noNamespaceSchemaLocation="https://maven.apache.org/surefire/maven-surefire-plugin/xsd/surefire-test-report.xsd" name="com.kokesoft.challenges.ReverseTest" time="0.012" tests="4" errors="0" skipped="0" failures="0">
  <properties>
    <property name="sun.desktop" value="windows"/>
    <property name="awt.toolkit" value="sun.awt.windows.WToolkit"/>
    <property name="java.specification.version" value="11"/>
    <property name="sun.cpu.isalist" value="amd64"/>
    <property name="sun.jnu.encoding" value="Cp1252"/>
    <property name="java.class.path" value="D:\Adan\newkspc\letslearn\challenges\target\test-classes;D:\Adan\newkspc\letslearn\challenges\target\classes;d:\m2repo\junit\junit\4.12\junit-4.12.jar;d:\m2repo\org\hamcrest\hamcrest-core\1.3\hamcrest-core-1.3.jar;"/>
    <property name="java.vm.vendor" value="Oracle Corporation"/>
    <property name="sun.arch.data.model" value="64"/>
    <property name="user.variant" value=""/>
    <property name="java.vendor.url" value="http://java.oracle.com/"/>
    <property name="user.timezone" value="Europe/Paris"/>
    <property name="java.vm.specification.version" value="11"/>
    <property name="os.name" value="Windows 10"/>
    <property name="sun.java.launcher" value="SUN_STANDARD"/>
    <property name="user.country" value="ES"/>
    <property name="sun.boot.library.path" value="d:\jdk\bin"/>
    <property name="sun.java.command" value="C:\Users\jmurio\AppData\Local\Temp\surefire5265973076024490123\surefirebooter12905476661278787597.jar C:\Users\jmurio\AppData\Local\Temp\surefire5265973076024490123 2022-12-26T11-17-13_753-jvmRun1 surefire4062870395261857388tmp surefire_010837358725895427584tmp"/>
    <property name="jdk.debug" value="release"/>
    <property name="surefire.test.class.path" value="D:\Adan\newkspc\letslearn\challenges\target\test-classes;D:\Adan\newkspc\letslearn\challenges\target\classes;d:\m2repo\junit\junit\4.12\junit-4.12.jar;d:\m2repo\org\hamcrest\hamcrest-core\1.3\hamcrest-core-1.3.jar;"/>
    <property name="sun.cpu.endian" value="little"/>
    <property name="user.home" value="C:\Users\jmurio"/>
    <property name="user.language" value="es"/>
    <property name="java.specification.vendor" value="Oracle Corporation"/>
    <property name="java.version.date" value="2019-01-15"/>
    <property name="java.home" value="d:\jdk"/>
    <property name="file.separator" value="\"/>
    <property name="basedir" value="D:\Adan\newkspc\letslearn\challenges"/>
    <property name="java.vm.compressedOopsMode" value="Zero based"/>
    <property name="line.separator" value="&#10;"/>
    <property name="java.specification.name" value="Java Platform API Specification"/>
    <property name="java.vm.specification.vendor" value="Oracle Corporation"/>
    <property name="java.awt.graphicsenv" value="sun.awt.Win32GraphicsEnvironment"/>
    <property name="surefire.real.class.path" value="C:\Users\jmurio\AppData\Local\Temp\surefire5265973076024490123\surefirebooter12905476661278787597.jar"/>
    <property name="user.script" value=""/>
    <property name="sun.management.compiler" value="HotSpot 64-Bit Tiered Compilers"/>
    <property name="java.runtime.version" value="11.0.2+9"/>
    <property name="user.name" value="jmurio"/>
    <property name="path.separator" value=";"/>
    <property name="os.version" value="10.0"/>
    <property name="java.runtime.name" value="OpenJDK Runtime Environment"/>
    <property name="file.encoding" value="Cp1252"/>
    <property name="java.vm.name" value="OpenJDK 64-Bit Server VM"/>
    <property name="java.vendor.version" value="18.9"/>
    <property name="localRepository" value="d:\m2repo"/>
    <property name="java.vendor.url.bug" value="http://bugreport.java.com/bugreport/"/>
    <property name="java.io.tmpdir" value="C:\Users\jmurio\AppData\Local\Temp\"/>
    <property name="java.version" value="11.0.2"/>
    <property name="user.dir" value="D:\Adan\newkspc\letslearn\challenges"/>
    <property name="os.arch" value="amd64"/>
    <property name="java.vm.specification.name" value="Java Virtual Machine Specification"/>
    <property name="java.awt.printerjob" value="sun.awt.windows.WPrinterJob"/>
    <property name="sun.os.patch.level" value=""/>
    <property name="java.library.path" value="d:\jdk\bin;C:\WINDOWS\Sun\Java\bin;C:\WINDOWS\system32;C:\WINDOWS;d:\Sencha\6.2.1.29;d:\jdk\bin;d:\iDynamics4.1.0\Software\spring-roo-1.3.1.RELEASE\bin;d:\apache-maven\bin;d:\groovy-2.4.13\bin;d:\gradle-7.0.2\bin;C:\WINDOWS\system32;C:\WINDOWS;C:\WINDOWS\System32\Wbem;C:\WINDOWS\System32\WindowsPowerShell\v1.0\;C:\WINDOWS\System32\OpenSSH\;C:\Program Files\TortoiseSVN\bin;C:\Program Files\AutoFirma\AutoFirma;C:\ProgramData\chocolatey\bin;C:\Users\jmurio\AppData\Local\Microsoft\WindowsApps;d:\personal\SublimeText3;d:\personal\tools;;C:\Users\jmurio\AppData\Local\Programs\Microsoft VS Code\bin;."/>
    <property name="java.vendor" value="Oracle Corporation"/>
    <property name="java.vm.info" value="mixed mode"/>
    <property name="java.vm.version" value="11.0.2+9"/>
    <property name="JumpNumbersTest" value="true"/>
    <property name="sun.io.unicode.encoding" value="UnicodeLittle"/>
    <property name="java.class.version" value="55.0"/>
  </properties>
  <testcase name="cloneTest" classname="com.kokesoft.challenges.ReverseTest" time="0.003"/>
  <testcase name="reverseTest2" classname="com.kokesoft.challenges.ReverseTest" time="0.001"/>
  <testcase name="reverseTest3" classname="com.kokesoft.challenges.ReverseTest" time="0.001"/>
  <testcase name="reverseTest" classname="com.kokesoft.challenges.ReverseTest" time="0.003"/>
</testsuite>